::1 - - [19/Jun/2021:16:48:14 +1000] "GET /massiv.php HTTP/1.1" 404 196
::1 - - [19/Jun/2021:16:48:24 +1000] "GET /search.php HTTP/1.1" 200 11847
::1 - - [19/Jun/2021:16:56:05 +1000] "GET /search.php HTTP/1.1" 200 2890
::1 - - [19/Jun/2021:16:56:22 +1000] "GET /search.php HTTP/1.1" 200 6890
::1 - - [19/Jun/2021:17:07:32 +1000] "GET /search.php HTTP/1.1" 200 6890
::1 - - [19/Jun/2021:17:07:33 +1000] "GET /search.php HTTP/1.1" 200 6890
::1 - - [19/Jun/2021:17:07:40 +1000] "GET /search.php HTTP/1.1" 500 -
::1 - - [19/Jun/2021:17:07:42 +1000] "GET /search.php HTTP/1.1" 500 -
::1 - - [19/Jun/2021:17:08:35 +1000] "GET /search.php HTTP/1.1" 500 -
::1 - - [19/Jun/2021:17:08:35 +1000] "GET /search.php HTTP/1.1" 500 -
::1 - - [19/Jun/2021:17:09:41 +1000] "GET /search.php HTTP/1.1" 200 3
::1 - - [19/Jun/2021:17:17:41 +1000] "GET /search.php HTTP/1.1" 200 183
::1 - - [19/Jun/2021:17:17:58 +1000] "GET /search.php HTTP/1.1" 200 187
::1 - - [19/Jun/2021:17:18:54 +1000] "GET /search.php HTTP/1.1" 200 182
::1 - - [19/Jun/2021:17:18:55 +1000] "GET /search.php HTTP/1.1" 200 182
::1 - - [19/Jun/2021:17:18:56 +1000] "GET /search.php HTTP/1.1" 200 182
::1 - - [19/Jun/2021:17:18:57 +1000] "GET /search.php HTTP/1.1" 200 182
::1 - - [19/Jun/2021:17:18:57 +1000] "GET /search.php HTTP/1.1" 200 182
::1 - - [19/Jun/2021:17:18:57 +1000] "GET /search.php HTTP/1.1" 200 182
::1 - - [19/Jun/2021:17:18:58 +1000] "GET /search.php HTTP/1.1" 200 182
::1 - - [19/Jun/2021:17:18:59 +1000] "GET /search.php HTTP/1.1" 200 182
::1 - - [19/Jun/2021:17:18:59 +1000] "GET /search.php HTTP/1.1" 200 182
::1 - - [19/Jun/2021:17:19:00 +1000] "GET /search.php HTTP/1.1" 200 182
::1 - - [19/Jun/2021:17:19:00 +1000] "GET /search.php HTTP/1.1" 200 182
::1 - - [19/Jun/2021:17:19:00 +1000] "GET /search.php HTTP/1.1" 200 182
::1 - - [19/Jun/2021:17:19:00 +1000] "GET /search.php HTTP/1.1" 200 182
::1 - - [19/Jun/2021:17:19:01 +1000] "GET /search.php HTTP/1.1" 200 182
::1 - - [19/Jun/2021:17:19:01 +1000] "GET /search.php HTTP/1.1" 200 182
::1 - - [19/Jun/2021:17:20:31 +1000] "GET /search.php HTTP/1.1" 200 182
::1 - - [19/Jun/2021:17:20:32 +1000] "GET /search.php HTTP/1.1" 200 182
::1 - - [19/Jun/2021:17:20:33 +1000] "GET /search.php HTTP/1.1" 200 182
::1 - - [19/Jun/2021:17:20:33 +1000] "GET /search.php HTTP/1.1" 200 182
::1 - - [19/Jun/2021:17:20:34 +1000] "GET /search.php HTTP/1.1" 200 182
::1 - - [19/Jun/2021:17:20:34 +1000] "GET /search.php HTTP/1.1" 200 182
::1 - - [19/Jun/2021:17:20:56 +1000] "GET /search.php HTTP/1.1" 200 182
::1 - - [19/Jun/2021:17:20:57 +1000] "GET /search.php HTTP/1.1" 200 182
::1 - - [19/Jun/2021:17:20:58 +1000] "GET /search.php HTTP/1.1" 200 182
::1 - - [19/Jun/2021:17:20:58 +1000] "GET /search.php HTTP/1.1" 200 182
::1 - - [19/Jun/2021:17:21:01 +1000] "GET /search.php HTTP/1.1" 200 182
::1 - - [19/Jun/2021:17:21:31 +1000] "GET /search.php HTTP/1.1" 200 179
::1 - - [19/Jun/2021:17:21:32 +1000] "GET /search.php HTTP/1.1" 200 178
::1 - - [19/Jun/2021:17:21:32 +1000] "GET /search.php HTTP/1.1" 200 179
::1 - - [19/Jun/2021:17:21:33 +1000] "GET /search.php HTTP/1.1" 200 179
::1 - - [19/Jun/2021:17:21:33 +1000] "GET /search.php HTTP/1.1" 200 179
::1 - - [19/Jun/2021:17:21:34 +1000] "GET /search.php HTTP/1.1" 200 179
::1 - - [19/Jun/2021:17:21:34 +1000] "GET /search.php HTTP/1.1" 200 179
::1 - - [19/Jun/2021:17:21:34 +1000] "GET /search.php HTTP/1.1" 200 179
::1 - - [19/Jun/2021:17:21:35 +1000] "GET /search.php HTTP/1.1" 200 179
::1 - - [19/Jun/2021:17:21:35 +1000] "GET /search.php HTTP/1.1" 200 179
::1 - - [19/Jun/2021:17:21:35 +1000] "GET /search.php HTTP/1.1" 200 179
::1 - - [19/Jun/2021:17:21:36 +1000] "GET /search.php HTTP/1.1" 200 179
::1 - - [19/Jun/2021:17:21:36 +1000] "GET /search.php HTTP/1.1" 200 179
::1 - - [19/Jun/2021:17:21:36 +1000] "GET /search.php HTTP/1.1" 200 179
::1 - - [19/Jun/2021:17:21:36 +1000] "GET /search.php HTTP/1.1" 200 178
::1 - - [19/Jun/2021:17:21:37 +1000] "GET /search.php HTTP/1.1" 200 179
::1 - - [19/Jun/2021:17:21:37 +1000] "GET /search.php HTTP/1.1" 200 179
::1 - - [19/Jun/2021:17:21:37 +1000] "GET /search.php HTTP/1.1" 200 179
::1 - - [19/Jun/2021:17:21:37 +1000] "GET /search.php HTTP/1.1" 200 179
::1 - - [19/Jun/2021:17:21:38 +1000] "GET /search.php HTTP/1.1" 200 178
::1 - - [19/Jun/2021:17:21:38 +1000] "GET /search.php HTTP/1.1" 200 179
::1 - - [19/Jun/2021:17:21:38 +1000] "GET /search.php HTTP/1.1" 200 179
::1 - - [19/Jun/2021:17:21:38 +1000] "GET /search.php HTTP/1.1" 200 179
::1 - - [19/Jun/2021:17:21:39 +1000] "GET /search.php HTTP/1.1" 200 179
::1 - - [19/Jun/2021:17:21:39 +1000] "GET /search.php HTTP/1.1" 200 179
::1 - - [19/Jun/2021:17:21:39 +1000] "GET /search.php HTTP/1.1" 200 179
::1 - - [19/Jun/2021:17:21:39 +1000] "GET /search.php HTTP/1.1" 200 179
::1 - - [19/Jun/2021:17:21:39 +1000] "GET /search.php HTTP/1.1" 200 179
::1 - - [19/Jun/2021:17:21:40 +1000] "GET /search.php HTTP/1.1" 200 179
::1 - - [19/Jun/2021:17:21:40 +1000] "GET /search.php HTTP/1.1" 200 179
::1 - - [19/Jun/2021:17:21:40 +1000] "GET /search.php HTTP/1.1" 200 179
::1 - - [19/Jun/2021:17:21:40 +1000] "GET /search.php HTTP/1.1" 200 179
::1 - - [19/Jun/2021:17:21:41 +1000] "GET /search.php HTTP/1.1" 200 179
::1 - - [19/Jun/2021:17:21:41 +1000] "GET /search.php HTTP/1.1" 200 178
::1 - - [19/Jun/2021:17:21:41 +1000] "GET /search.php HTTP/1.1" 200 179
::1 - - [19/Jun/2021:17:21:42 +1000] "GET /search.php HTTP/1.1" 200 178
::1 - - [19/Jun/2021:17:22:14 +1000] "GET /search.php HTTP/1.1" 200 182
::1 - - [19/Jun/2021:17:24:31 +1000] "GET /search.php HTTP/1.1" 200 72
::1 - - [19/Jun/2021:17:24:45 +1000] "GET /search.php HTTP/1.1" 200 72
::1 - - [19/Jun/2021:17:24:46 +1000] "GET /search.php HTTP/1.1" 200 72
::1 - - [19/Jun/2021:17:24:50 +1000] "GET /search.php HTTP/1.1" 200 72
::1 - - [19/Jun/2021:17:24:51 +1000] "GET /search.php HTTP/1.1" 200 72
::1 - - [19/Jun/2021:17:25:41 +1000] "GET /search.php HTTP/1.1" 200 45
::1 - - [19/Jun/2021:17:25:42 +1000] "GET /search.php HTTP/1.1" 200 45
::1 - - [19/Jun/2021:17:25:44 +1000] "GET /search.php HTTP/1.1" 200 45
::1 - - [19/Jun/2021:17:25:44 +1000] "GET /search.php HTTP/1.1" 200 45
::1 - - [19/Jun/2021:17:25:52 +1000] "GET /search.php HTTP/1.1" 200 40
::1 - - [19/Jun/2021:17:25:53 +1000] "GET /search.php HTTP/1.1" 200 40
::1 - - [19/Jun/2021:17:25:53 +1000] "GET /search.php HTTP/1.1" 200 40
::1 - - [19/Jun/2021:17:25:54 +1000] "GET /search.php HTTP/1.1" 200 40
::1 - - [19/Jun/2021:17:25:54 +1000] "GET /search.php HTTP/1.1" 200 40
::1 - - [19/Jun/2021:17:26:06 +1000] "GET /search.php HTTP/1.1" 200 40
::1 - - [19/Jun/2021:17:26:07 +1000] "GET /search.php HTTP/1.1" 200 40
::1 - - [19/Jun/2021:17:26:22 +1000] "GET /search.php HTTP/1.1" 200 57
::1 - - [19/Jun/2021:17:26:23 +1000] "GET /search.php HTTP/1.1" 200 57
::1 - - [19/Jun/2021:17:26:24 +1000] "GET /search.php HTTP/1.1" 200 57
::1 - - [19/Jun/2021:17:26:24 +1000] "GET /search.php HTTP/1.1" 200 57
::1 - - [19/Jun/2021:17:26:25 +1000] "GET /search.php HTTP/1.1" 200 57
::1 - - [19/Jun/2021:17:26:25 +1000] "GET /search.php HTTP/1.1" 200 57
::1 - - [19/Jun/2021:17:26:26 +1000] "GET /search.php HTTP/1.1" 200 57
::1 - - [19/Jun/2021:17:26:26 +1000] "GET /search.php HTTP/1.1" 200 57
::1 - - [19/Jun/2021:17:26:26 +1000] "GET /search.php HTTP/1.1" 200 57
::1 - - [19/Jun/2021:17:26:27 +1000] "GET /search.php HTTP/1.1" 200 57
::1 - - [19/Jun/2021:17:26:27 +1000] "GET /search.php HTTP/1.1" 200 57
::1 - - [19/Jun/2021:17:26:27 +1000] "GET /search.php HTTP/1.1" 200 57
::1 - - [19/Jun/2021:17:26:27 +1000] "GET /search.php HTTP/1.1" 200 57
::1 - - [19/Jun/2021:17:26:29 +1000] "GET /search.php HTTP/1.1" 200 57
::1 - - [19/Jun/2021:17:28:03 +1000] "GET /search.php HTTP/1.1" 200 57
::1 - - [19/Jun/2021:17:28:04 +1000] "GET /search.php HTTP/1.1" 200 57
::1 - - [19/Jun/2021:17:28:05 +1000] "GET /search.php HTTP/1.1" 200 57
::1 - - [19/Jun/2021:17:28:05 +1000] "GET /search.php HTTP/1.1" 200 57
::1 - - [19/Jun/2021:17:28:05 +1000] "GET /search.php HTTP/1.1" 200 57
::1 - - [19/Jun/2021:17:28:05 +1000] "GET /search.php HTTP/1.1" 200 57
::1 - - [19/Jun/2021:17:28:06 +1000] "GET /search.php HTTP/1.1" 200 57
::1 - - [19/Jun/2021:17:28:06 +1000] "GET /search.php HTTP/1.1" 200 57
::1 - - [19/Jun/2021:17:28:06 +1000] "GET /search.php HTTP/1.1" 200 57
::1 - - [19/Jun/2021:17:28:06 +1000] "GET /search.php HTTP/1.1" 200 57
::1 - - [19/Jun/2021:17:28:06 +1000] "GET /search.php HTTP/1.1" 200 57
::1 - - [19/Jun/2021:17:28:07 +1000] "GET /search.php HTTP/1.1" 200 57
::1 - - [19/Jun/2021:17:28:07 +1000] "GET /search.php HTTP/1.1" 200 57
::1 - - [19/Jun/2021:17:28:07 +1000] "GET /search.php HTTP/1.1" 200 57
::1 - - [19/Jun/2021:17:28:07 +1000] "GET /search.php HTTP/1.1" 200 57
::1 - - [19/Jun/2021:17:28:07 +1000] "GET /search.php HTTP/1.1" 200 57
::1 - - [19/Jun/2021:17:28:08 +1000] "GET /search.php HTTP/1.1" 200 57
::1 - - [19/Jun/2021:17:28:08 +1000] "GET /search.php HTTP/1.1" 200 57
::1 - - [19/Jun/2021:17:28:08 +1000] "GET /search.php HTTP/1.1" 200 57
::1 - - [19/Jun/2021:17:28:08 +1000] "GET /search.php HTTP/1.1" 200 57
::1 - - [19/Jun/2021:17:28:08 +1000] "GET /search.php HTTP/1.1" 200 57
::1 - - [19/Jun/2021:17:28:09 +1000] "GET /search.php HTTP/1.1" 200 57
::1 - - [19/Jun/2021:17:28:10 +1000] "GET /search.php HTTP/1.1" 200 57
::1 - - [19/Jun/2021:17:29:00 +1000] "GET /search.php HTTP/1.1" 200 56
::1 - - [19/Jun/2021:17:29:01 +1000] "GET /search.php HTTP/1.1" 200 56
::1 - - [19/Jun/2021:17:29:02 +1000] "GET /search.php HTTP/1.1" 200 56
::1 - - [19/Jun/2021:17:29:02 +1000] "GET /search.php HTTP/1.1" 200 56
::1 - - [19/Jun/2021:17:29:03 +1000] "GET /search.php HTTP/1.1" 200 56
::1 - - [19/Jun/2021:17:29:03 +1000] "GET /search.php HTTP/1.1" 200 56
::1 - - [19/Jun/2021:17:29:04 +1000] "GET /search.php HTTP/1.1" 200 56
::1 - - [19/Jun/2021:17:29:04 +1000] "GET /search.php HTTP/1.1" 200 56
::1 - - [19/Jun/2021:17:29:04 +1000] "GET /search.php HTTP/1.1" 200 56
::1 - - [19/Jun/2021:17:29:05 +1000] "GET /search.php HTTP/1.1" 200 56
::1 - - [19/Jun/2021:17:29:05 +1000] "GET /search.php HTTP/1.1" 200 56
::1 - - [19/Jun/2021:17:29:05 +1000] "GET /search.php HTTP/1.1" 200 56
::1 - - [19/Jun/2021:17:29:06 +1000] "GET /search.php HTTP/1.1" 200 56
::1 - - [19/Jun/2021:17:29:06 +1000] "GET /search.php HTTP/1.1" 200 56
::1 - - [19/Jun/2021:17:29:06 +1000] "GET /search.php HTTP/1.1" 200 56
::1 - - [19/Jun/2021:17:29:06 +1000] "GET /search.php HTTP/1.1" 200 55
::1 - - [19/Jun/2021:17:29:07 +1000] "GET /search.php HTTP/1.1" 200 56
::1 - - [19/Jun/2021:17:29:07 +1000] "GET /search.php HTTP/1.1" 200 56
::1 - - [19/Jun/2021:17:29:07 +1000] "GET /search.php HTTP/1.1" 200 56
::1 - - [19/Jun/2021:17:29:07 +1000] "GET /search.php HTTP/1.1" 200 56
::1 - - [19/Jun/2021:17:29:08 +1000] "GET /search.php HTTP/1.1" 200 56
::1 - - [19/Jun/2021:17:29:08 +1000] "GET /search.php HTTP/1.1" 200 56
::1 - - [19/Jun/2021:17:29:08 +1000] "GET /search.php HTTP/1.1" 200 56
::1 - - [19/Jun/2021:17:29:08 +1000] "GET /search.php HTTP/1.1" 200 56
::1 - - [19/Jun/2021:17:29:09 +1000] "GET /search.php HTTP/1.1" 200 56
::1 - - [19/Jun/2021:17:29:09 +1000] "GET /search.php HTTP/1.1" 200 56
::1 - - [19/Jun/2021:17:29:09 +1000] "GET /search.php HTTP/1.1" 200 56
::1 - - [19/Jun/2021:17:29:09 +1000] "GET /search.php HTTP/1.1" 200 56
::1 - - [19/Jun/2021:17:29:10 +1000] "GET /search.php HTTP/1.1" 200 56
::1 - - [19/Jun/2021:17:29:10 +1000] "GET /search.php HTTP/1.1" 200 56
::1 - - [19/Jun/2021:17:29:57 +1000] "GET /search.php HTTP/1.1" 200 57
::1 - - [19/Jun/2021:17:29:58 +1000] "GET /search.php HTTP/1.1" 200 57
::1 - - [19/Jun/2021:17:29:59 +1000] "GET /search.php HTTP/1.1" 200 57
::1 - - [19/Jun/2021:17:29:59 +1000] "GET /search.php HTTP/1.1" 200 57
::1 - - [19/Jun/2021:17:30:00 +1000] "GET /search.php HTTP/1.1" 200 57
::1 - - [19/Jun/2021:17:30:01 +1000] "GET /search.php HTTP/1.1" 200 57
::1 - - [19/Jun/2021:17:31:04 +1000] "GET /search.php HTTP/1.1" 200 108
::1 - - [19/Jun/2021:17:31:19 +1000] "GET /search.php HTTP/1.1" 200 112
::1 - - [19/Jun/2021:17:31:22 +1000] "GET /search.php HTTP/1.1" 200 112
::1 - - [19/Jun/2021:17:31:23 +1000] "GET /search.php HTTP/1.1" 200 112
::1 - - [19/Jun/2021:17:31:23 +1000] "GET /search.php HTTP/1.1" 200 112
::1 - - [19/Jun/2021:17:31:24 +1000] "GET /search.php HTTP/1.1" 200 112
::1 - - [19/Jun/2021:17:31:25 +1000] "GET /search.php HTTP/1.1" 200 112
::1 - - [19/Jun/2021:17:31:26 +1000] "GET /search.php HTTP/1.1" 200 112
::1 - - [19/Jun/2021:17:31:40 +1000] "GET /search.php HTTP/1.1" 200 112
::1 - - [19/Jun/2021:17:31:41 +1000] "GET /search.php HTTP/1.1" 200 112
::1 - - [19/Jun/2021:17:31:42 +1000] "GET /search.php HTTP/1.1" 200 112
::1 - - [19/Jun/2021:17:31:43 +1000] "GET /search.php HTTP/1.1" 200 112
::1 - - [19/Jun/2021:17:31:43 +1000] "GET /search.php HTTP/1.1" 200 112
::1 - - [19/Jun/2021:17:31:44 +1000] "GET /search.php HTTP/1.1" 200 112
::1 - - [19/Jun/2021:17:31:44 +1000] "GET /search.php HTTP/1.1" 200 112
::1 - - [19/Jun/2021:17:31:45 +1000] "GET /search.php HTTP/1.1" 200 112
::1 - - [19/Jun/2021:17:31:45 +1000] "GET /search.php HTTP/1.1" 200 112
::1 - - [19/Jun/2021:17:31:46 +1000] "GET /search.php HTTP/1.1" 200 112
::1 - - [19/Jun/2021:17:31:46 +1000] "GET /search.php HTTP/1.1" 200 112
::1 - - [19/Jun/2021:17:33:08 +1000] "GET /search.php HTTP/1.1" 200 112
::1 - - [19/Jun/2021:17:33:08 +1000] "GET /search.php HTTP/1.1" 200 112
::1 - - [19/Jun/2021:17:33:09 +1000] "GET /search.php HTTP/1.1" 200 112
::1 - - [19/Jun/2021:17:33:09 +1000] "GET /search.php HTTP/1.1" 200 112
::1 - - [19/Jun/2021:17:33:09 +1000] "GET /search.php HTTP/1.1" 200 112
::1 - - [19/Jun/2021:17:33:10 +1000] "GET /search.php HTTP/1.1" 200 112
192.241.217.72 - - [19/Jun/2021:17:42:27 +1000] "GET / HTTP/1.1" 200 377
165.227.237.194 - - [19/Jun/2021:18:04:41 +1000] "\xbf\xbf\xaf\xaf~" 400 226
165.227.237.194 - - [19/Jun/2021:18:04:41 +1000] "POST / HTTP/1.1" 404 196
165.227.237.194 - - [19/Jun/2021:18:04:43 +1000] "\x17\x03\x01\x01\x04e" 400 226
165.227.237.194 - - [19/Jun/2021:18:04:44 +1000] "\x17\x03\x01\x01\x04e" 400 226
65.49.20.69 - - [19/Jun/2021:18:20:06 +1000] "GET / HTTP/1.1" 200 439
59.93.25.16 - - [19/Jun/2021:19:19:14 +1000] "POST /HNAP1/ HTTP/1.0" 400 226
209.141.52.133 - - [19/Jun/2021:19:42:01 +1000] "GET /config/getuser?index=0 HTTP/1.1" 404 196
66.240.205.34 - - [19/Jun/2021:19:42:25 +1000] "Gh0st\xad" 400 226
::1 - - [19/Jun/2021:20:33:28 +1000] "GET /search.php HTTP/1.1" 500 -
::1 - - [19/Jun/2021:20:33:28 +1000] "GET /search.php HTTP/1.1" 500 -
::1 - - [19/Jun/2021:20:33:57 +1000] "GET /search.php HTTP/1.1" 200 189
::1 - - [19/Jun/2021:20:33:58 +1000] "GET /search.php HTTP/1.1" 200 189
::1 - - [19/Jun/2021:20:34:47 +1000] "GET /search.php HTTP/1.1" 200 189
::1 - - [19/Jun/2021:20:34:48 +1000] "GET /search.php HTTP/1.1" 200 189
::1 - - [19/Jun/2021:20:34:48 +1000] "GET /search.php HTTP/1.1" 200 192
::1 - - [19/Jun/2021:20:34:48 +1000] "GET /search.php HTTP/1.1" 200 189
::1 - - [19/Jun/2021:20:34:49 +1000] "GET /search.php HTTP/1.1" 200 189
::1 - - [19/Jun/2021:20:34:50 +1000] "GET /search.php HTTP/1.1" 200 189
::1 - - [19/Jun/2021:20:34:50 +1000] "GET /search.php HTTP/1.1" 200 189
::1 - - [19/Jun/2021:20:34:50 +1000] "GET /search.php HTTP/1.1" 200 189
::1 - - [19/Jun/2021:20:34:51 +1000] "GET /search.php HTTP/1.1" 200 189
::1 - - [19/Jun/2021:20:34:51 +1000] "GET /search.php HTTP/1.1" 200 189
::1 - - [19/Jun/2021:20:34:52 +1000] "GET /search.php HTTP/1.1" 200 189
::1 - - [19/Jun/2021:20:34:52 +1000] "GET /search.php HTTP/1.1" 200 189
::1 - - [19/Jun/2021:20:34:52 +1000] "GET /search.php HTTP/1.1" 200 189
::1 - - [19/Jun/2021:20:34:53 +1000] "GET /search.php HTTP/1.1" 200 189
::1 - - [19/Jun/2021:20:34:53 +1000] "GET /search.php HTTP/1.1" 200 189
::1 - - [19/Jun/2021:20:34:54 +1000] "GET /search.php HTTP/1.1" 200 189
::1 - - [19/Jun/2021:20:34:54 +1000] "GET /search.php HTTP/1.1" 200 189
::1 - - [19/Jun/2021:20:34:54 +1000] "GET /search.php HTTP/1.1" 200 192
::1 - - [19/Jun/2021:20:34:55 +1000] "GET /search.php HTTP/1.1" 200 189
::1 - - [19/Jun/2021:20:34:55 +1000] "GET /search.php HTTP/1.1" 200 190
::1 - - [19/Jun/2021:20:34:55 +1000] "GET /search.php HTTP/1.1" 200 189
::1 - - [19/Jun/2021:20:34:56 +1000] "GET /search.php HTTP/1.1" 200 189
::1 - - [19/Jun/2021:20:34:56 +1000] "GET /search.php HTTP/1.1" 200 189
::1 - - [19/Jun/2021:20:34:56 +1000] "GET /search.php HTTP/1.1" 200 189
::1 - - [19/Jun/2021:20:34:57 +1000] "GET /search.php HTTP/1.1" 200 189
::1 - - [19/Jun/2021:20:34:57 +1000] "GET /search.php HTTP/1.1" 200 189
::1 - - [19/Jun/2021:20:34:57 +1000] "GET /search.php HTTP/1.1" 200 189
::1 - - [19/Jun/2021:20:34:58 +1000] "GET /search.php HTTP/1.1" 200 188
::1 - - [19/Jun/2021:20:34:58 +1000] "GET /search.php HTTP/1.1" 200 189
::1 - - [19/Jun/2021:20:34:58 +1000] "GET /search.php HTTP/1.1" 200 189
::1 - - [19/Jun/2021:20:34:59 +1000] "GET /search.php HTTP/1.1" 200 189
::1 - - [19/Jun/2021:20:34:59 +1000] "GET /search.php HTTP/1.1" 200 189
::1 - - [19/Jun/2021:20:35:33 +1000] "GET /search.php HTTP/1.1" 500 -
::1 - - [19/Jun/2021:20:35:35 +1000] "GET /search.php HTTP/1.1" 500 -
::1 - - [19/Jun/2021:20:35:35 +1000] "GET /search.php HTTP/1.1" 500 -
::1 - - [19/Jun/2021:20:40:49 +1000] "GET /search.php HTTP/1.1" 500 -
::1 - - [19/Jun/2021:20:40:50 +1000] "GET /search.php HTTP/1.1" 500 -
::1 - - [19/Jun/2021:20:40:50 +1000] "GET /search.php HTTP/1.1" 500 -
::1 - - [19/Jun/2021:20:40:51 +1000] "GET /search.php HTTP/1.1" 500 -
::1 - - [19/Jun/2021:20:40:58 +1000] "GET /search.php HTTP/1.1" 500 -
::1 - - [19/Jun/2021:20:40:58 +1000] "GET /search.php HTTP/1.1" 500 -
::1 - - [19/Jun/2021:20:41:17 +1000] "GET /search.php HTTP/1.1" 500 -
::1 - - [19/Jun/2021:20:41:18 +1000] "GET /search.php HTTP/1.1" 500 -
::1 - - [19/Jun/2021:20:41:22 +1000] "GET /search.php HTTP/1.1" 500 -
::1 - - [19/Jun/2021:20:41:22 +1000] "GET /search.php HTTP/1.1" 500 -
::1 - - [19/Jun/2021:20:41:26 +1000] "GET /search.php HTTP/1.1" 500 -
::1 - - [19/Jun/2021:20:42:01 +1000] "GET /search.php HTTP/1.1" 500 -
::1 - - [19/Jun/2021:20:42:03 +1000] "GET /search.php HTTP/1.1" 500 -
::1 - - [19/Jun/2021:20:42:13 +1000] "GET /search.php HTTP/1.1" 500 -
::1 - - [19/Jun/2021:20:42:14 +1000] "GET /search.php HTTP/1.1" 500 -
::1 - - [19/Jun/2021:20:42:14 +1000] "GET /search.php HTTP/1.1" 500 -
::1 - - [19/Jun/2021:20:42:14 +1000] "GET /search.php HTTP/1.1" 500 -
::1 - - [19/Jun/2021:20:42:14 +1000] "GET /search.php HTTP/1.1" 500 -
::1 - - [19/Jun/2021:20:42:14 +1000] "GET /search.php HTTP/1.1" 500 -
::1 - - [19/Jun/2021:20:42:17 +1000] "GET /search.php HTTP/1.1" 500 -
::1 - - [19/Jun/2021:20:42:17 +1000] "GET /search.php HTTP/1.1" 500 -
::1 - - [19/Jun/2021:20:42:17 +1000] "GET /search.php HTTP/1.1" 500 -
::1 - - [19/Jun/2021:20:42:17 +1000] "GET /search.php HTTP/1.1" 500 -
::1 - - [19/Jun/2021:20:42:17 +1000] "GET /search.php HTTP/1.1" 500 -
::1 - - [19/Jun/2021:20:42:26 +1000] "GET /search.php HTTP/1.1" 200 189
::1 - - [19/Jun/2021:20:42:58 +1000] "GET /search.php HTTP/1.1" 500 -
::1 - - [19/Jun/2021:20:42:59 +1000] "GET /search.php HTTP/1.1" 500 -
::1 - - [19/Jun/2021:20:43:00 +1000] "GET /search.php HTTP/1.1" 500 -
::1 - - [19/Jun/2021:20:46:07 +1000] "GET /search.php HTTP/1.1" 200 7808
::1 - - [19/Jun/2021:20:46:23 +1000] "GET /search.php HTTP/1.1" 200 32
::1 - - [19/Jun/2021:20:46:25 +1000] "GET /search.php HTTP/1.1" 200 32
::1 - - [19/Jun/2021:20:53:49 +1000] "GET /search.php HTTP/1.1" 500 -
::1 - - [19/Jun/2021:20:54:21 +1000] "GET /search.php HTTP/1.1" 500 -
::1 - - [19/Jun/2021:21:01:16 +1000] "GET /search.php HTTP/1.1" 200 2966952
::1 - - [19/Jun/2021:21:02:11 +1000] "GET /search.php HTTP/1.1" 200 213
::1 - - [19/Jun/2021:21:02:12 +1000] "GET /search.php HTTP/1.1" 200 213
::1 - - [19/Jun/2021:21:02:13 +1000] "GET /search.php HTTP/1.1" 200 213
::1 - - [19/Jun/2021:21:02:14 +1000] "GET /search.php HTTP/1.1" 200 213
::1 - - [19/Jun/2021:21:02:31 +1000] "GET /search.php HTTP/1.1" 200 248
::1 - - [19/Jun/2021:21:03:16 +1000] "GET /search.php HTTP/1.1" 200 186
::1 - - [19/Jun/2021:21:03:18 +1000] "GET /search.php HTTP/1.1" 200 186
::1 - - [19/Jun/2021:21:03:18 +1000] "GET /search.php HTTP/1.1" 200 186
::1 - - [19/Jun/2021:21:03:19 +1000] "GET /search.php HTTP/1.1" 200 189
::1 - - [19/Jun/2021:21:03:19 +1000] "GET /search.php HTTP/1.1" 200 186
::1 - - [19/Jun/2021:21:03:20 +1000] "GET /search.php HTTP/1.1" 200 186
::1 - - [19/Jun/2021:21:03:20 +1000] "GET /search.php HTTP/1.1" 200 186
::1 - - [19/Jun/2021:21:03:20 +1000] "GET /search.php HTTP/1.1" 200 189
::1 - - [19/Jun/2021:21:03:20 +1000] "GET /search.php HTTP/1.1" 200 186
::1 - - [19/Jun/2021:21:03:20 +1000] "GET /search.php HTTP/1.1" 200 189
::1 - - [19/Jun/2021:21:03:21 +1000] "GET /search.php HTTP/1.1" 200 188
::1 - - [19/Jun/2021:21:03:21 +1000] "GET /search.php HTTP/1.1" 200 186
::1 - - [19/Jun/2021:21:03:21 +1000] "GET /search.php HTTP/1.1" 200 186
::1 - - [19/Jun/2021:21:03:21 +1000] "GET /search.php HTTP/1.1" 200 186
::1 - - [19/Jun/2021:21:03:22 +1000] "GET /search.php HTTP/1.1" 200 186
::1 - - [19/Jun/2021:21:03:22 +1000] "GET /search.php HTTP/1.1" 200 186
::1 - - [19/Jun/2021:21:03:46 +1000] "GET /search.php HTTP/1.1" 200 186
::1 - - [19/Jun/2021:21:03:47 +1000] "GET /search.php HTTP/1.1" 200 32
::1 - - [19/Jun/2021:21:03:47 +1000] "GET /search.php HTTP/1.1" 200 32
::1 - - [19/Jun/2021:21:03:48 +1000] "GET /search.php HTTP/1.1" 200 186
::1 - - [19/Jun/2021:21:03:52 +1000] "GET /search.php HTTP/1.1" 200 186
::1 - - [19/Jun/2021:21:03:53 +1000] "GET /search.php HTTP/1.1" 200 32
::1 - - [19/Jun/2021:21:04:25 +1000] "GET /search.php HTTP/1.1" 200 32
::1 - - [19/Jun/2021:21:04:26 +1000] "GET /search.php HTTP/1.1" 200 32
::1 - - [19/Jun/2021:21:04:27 +1000] "GET /search.php HTTP/1.1" 200 32
::1 - - [19/Jun/2021:21:04:27 +1000] "GET /search.php HTTP/1.1" 200 32
::1 - - [19/Jun/2021:21:04:28 +1000] "GET /search.php HTTP/1.1" 200 32
::1 - - [19/Jun/2021:21:04:28 +1000] "GET /search.php HTTP/1.1" 200 32
::1 - - [19/Jun/2021:21:04:28 +1000] "GET /search.php HTTP/1.1" 200 32
::1 - - [19/Jun/2021:21:04:29 +1000] "GET /search.php HTTP/1.1" 200 32
::1 - - [19/Jun/2021:21:04:29 +1000] "GET /search.php HTTP/1.1" 200 32
::1 - - [19/Jun/2021:21:04:30 +1000] "GET /search.php HTTP/1.1" 200 32
::1 - - [19/Jun/2021:21:04:30 +1000] "GET /search.php HTTP/1.1" 200 32
::1 - - [19/Jun/2021:21:04:30 +1000] "GET /search.php HTTP/1.1" 200 32
::1 - - [19/Jun/2021:21:04:30 +1000] "GET /search.php HTTP/1.1" 200 32
::1 - - [19/Jun/2021:21:04:31 +1000] "GET /search.php HTTP/1.1" 200 32
::1 - - [19/Jun/2021:21:04:31 +1000] "GET /search.php HTTP/1.1" 200 32
::1 - - [19/Jun/2021:21:04:31 +1000] "GET /search.php HTTP/1.1" 200 32
::1 - - [19/Jun/2021:21:04:32 +1000] "GET /search.php HTTP/1.1" 200 32
::1 - - [19/Jun/2021:21:04:32 +1000] "GET /search.php HTTP/1.1" 200 32
::1 - - [19/Jun/2021:21:04:32 +1000] "GET /search.php HTTP/1.1" 200 32
::1 - - [19/Jun/2021:21:04:32 +1000] "GET /search.php HTTP/1.1" 200 32
::1 - - [19/Jun/2021:21:04:33 +1000] "GET /search.php HTTP/1.1" 200 32
::1 - - [19/Jun/2021:21:04:33 +1000] "GET /search.php HTTP/1.1" 200 32
::1 - - [19/Jun/2021:21:04:33 +1000] "GET /search.php HTTP/1.1" 200 32
::1 - - [19/Jun/2021:21:04:35 +1000] "GET /search.php HTTP/1.1" 200 32
::1 - - [19/Jun/2021:21:04:35 +1000] "GET /search.php HTTP/1.1" 200 32
::1 - - [19/Jun/2021:21:04:35 +1000] "GET /search.php HTTP/1.1" 200 32
::1 - - [19/Jun/2021:21:04:36 +1000] "GET /search.php HTTP/1.1" 200 32
::1 - - [19/Jun/2021:21:04:36 +1000] "GET /search.php HTTP/1.1" 200 32
::1 - - [19/Jun/2021:21:04:36 +1000] "GET /search.php HTTP/1.1" 200 32
::1 - - [19/Jun/2021:21:04:36 +1000] "GET /search.php HTTP/1.1" 200 32
::1 - - [19/Jun/2021:21:04:37 +1000] "GET /search.php HTTP/1.1" 200 32
::1 - - [19/Jun/2021:21:04:37 +1000] "GET /search.php HTTP/1.1" 200 32
::1 - - [19/Jun/2021:21:04:39 +1000] "GET /search.php HTTP/1.1" 200 32
::1 - - [19/Jun/2021:21:04:39 +1000] "GET /search.php HTTP/1.1" 200 32
::1 - - [19/Jun/2021:21:04:40 +1000] "GET /search.php HTTP/1.1" 200 32
::1 - - [19/Jun/2021:21:04:40 +1000] "GET /search.php HTTP/1.1" 200 32
::1 - - [19/Jun/2021:21:04:40 +1000] "GET /search.php HTTP/1.1" 200 32
::1 - - [19/Jun/2021:21:04:40 +1000] "GET /search.php HTTP/1.1" 200 32
::1 - - [19/Jun/2021:21:04:41 +1000] "GET /search.php HTTP/1.1" 200 32
::1 - - [19/Jun/2021:21:04:41 +1000] "GET /search.php HTTP/1.1" 200 32
::1 - - [19/Jun/2021:21:04:41 +1000] "GET /search.php HTTP/1.1" 200 32
::1 - - [19/Jun/2021:21:04:41 +1000] "GET /search.php HTTP/1.1" 200 32
::1 - - [19/Jun/2021:21:04:41 +1000] "GET /search.php HTTP/1.1" 200 32
::1 - - [19/Jun/2021:21:04:42 +1000] "GET /search.php HTTP/1.1" 200 32
::1 - - [19/Jun/2021:21:04:42 +1000] "GET /search.php HTTP/1.1" 200 32
::1 - - [19/Jun/2021:21:04:42 +1000] "GET /search.php HTTP/1.1" 200 32
::1 - - [19/Jun/2021:21:04:43 +1000] "GET /search.php HTTP/1.1" 200 32
::1 - - [19/Jun/2021:21:04:43 +1000] "GET /search.php HTTP/1.1" 200 32
::1 - - [19/Jun/2021:21:04:43 +1000] "GET /search.php HTTP/1.1" 200 32
::1 - - [19/Jun/2021:21:04:44 +1000] "GET /search.php HTTP/1.1" 200 32
::1 - - [19/Jun/2021:21:04:44 +1000] "GET /search.php HTTP/1.1" 200 32
::1 - - [19/Jun/2021:21:04:45 +1000] "GET /search.php HTTP/1.1" 200 32
::1 - - [19/Jun/2021:21:04:45 +1000] "GET /search.php HTTP/1.1" 200 32
::1 - - [19/Jun/2021:21:04:45 +1000] "GET /search.php HTTP/1.1" 200 32
::1 - - [19/Jun/2021:21:04:45 +1000] "GET /search.php HTTP/1.1" 200 32
::1 - - [19/Jun/2021:21:04:45 +1000] "GET /search.php HTTP/1.1" 200 32
::1 - - [19/Jun/2021:21:04:46 +1000] "GET /search.php HTTP/1.1" 200 32
::1 - - [19/Jun/2021:21:04:48 +1000] "GET /search.php HTTP/1.1" 200 32
::1 - - [19/Jun/2021:21:04:48 +1000] "GET /search.php HTTP/1.1" 200 32
::1 - - [19/Jun/2021:21:04:48 +1000] "GET /search.php HTTP/1.1" 200 32
::1 - - [19/Jun/2021:21:04:48 +1000] "GET /search.php HTTP/1.1" 200 32
::1 - - [19/Jun/2021:21:04:49 +1000] "GET /search.php HTTP/1.1" 200 32
::1 - - [19/Jun/2021:21:04:49 +1000] "GET /search.php HTTP/1.1" 200 32
::1 - - [19/Jun/2021:21:04:49 +1000] "GET /search.php HTTP/1.1" 200 32
::1 - - [19/Jun/2021:21:04:49 +1000] "GET /search.php HTTP/1.1" 200 32
::1 - - [19/Jun/2021:21:04:49 +1000] "GET /search.php HTTP/1.1" 200 32
::1 - - [19/Jun/2021:21:04:50 +1000] "GET /search.php HTTP/1.1" 200 32
::1 - - [19/Jun/2021:21:04:50 +1000] "GET /search.php HTTP/1.1" 200 32
::1 - - [19/Jun/2021:21:04:50 +1000] "GET /search.php HTTP/1.1" 200 32
::1 - - [19/Jun/2021:21:04:50 +1000] "GET /search.php HTTP/1.1" 200 32
::1 - - [19/Jun/2021:21:04:50 +1000] "GET /search.php HTTP/1.1" 200 32
::1 - - [19/Jun/2021:21:04:51 +1000] "GET /search.php HTTP/1.1" 200 32
::1 - - [19/Jun/2021:21:04:51 +1000] "GET /search.php HTTP/1.1" 200 32
::1 - - [19/Jun/2021:21:04:51 +1000] "GET /search.php HTTP/1.1" 200 32
::1 - - [19/Jun/2021:21:04:51 +1000] "GET /search.php HTTP/1.1" 200 32
::1 - - [19/Jun/2021:21:04:52 +1000] "GET /search.php HTTP/1.1" 200 32
::1 - - [19/Jun/2021:21:04:52 +1000] "GET /search.php HTTP/1.1" 200 32
::1 - - [19/Jun/2021:21:04:52 +1000] "GET /search.php HTTP/1.1" 200 32
::1 - - [19/Jun/2021:21:04:52 +1000] "GET /search.php HTTP/1.1" 200 32
::1 - - [19/Jun/2021:21:04:52 +1000] "GET /search.php HTTP/1.1" 200 32
::1 - - [19/Jun/2021:21:04:53 +1000] "GET /search.php HTTP/1.1" 200 32
::1 - - [19/Jun/2021:21:04:53 +1000] "GET /search.php HTTP/1.1" 200 32
::1 - - [19/Jun/2021:21:04:53 +1000] "GET /search.php HTTP/1.1" 200 32
::1 - - [19/Jun/2021:21:04:53 +1000] "GET /search.php HTTP/1.1" 200 32
::1 - - [19/Jun/2021:21:04:53 +1000] "GET /search.php HTTP/1.1" 200 32
::1 - - [19/Jun/2021:21:04:54 +1000] "GET /search.php HTTP/1.1" 200 32
::1 - - [19/Jun/2021:21:04:54 +1000] "GET /search.php HTTP/1.1" 200 32
::1 - - [19/Jun/2021:21:04:54 +1000] "GET /search.php HTTP/1.1" 200 32
::1 - - [19/Jun/2021:21:05:06 +1000] "GET /search.php HTTP/1.1" 200 32
::1 - - [19/Jun/2021:21:05:06 +1000] "GET /search.php HTTP/1.1" 200 32
::1 - - [19/Jun/2021:21:05:06 +1000] "GET /search.php HTTP/1.1" 200 32
::1 - - [19/Jun/2021:21:05:07 +1000] "GET /search.php HTTP/1.1" 200 32
::1 - - [19/Jun/2021:21:05:07 +1000] "GET /search.php HTTP/1.1" 200 32
::1 - - [19/Jun/2021:21:05:07 +1000] "GET /search.php HTTP/1.1" 200 32
::1 - - [19/Jun/2021:21:05:07 +1000] "GET /search.php HTTP/1.1" 200 32
::1 - - [19/Jun/2021:21:05:07 +1000] "GET /search.php HTTP/1.1" 200 32
::1 - - [19/Jun/2021:21:05:08 +1000] "GET /search.php HTTP/1.1" 200 32
::1 - - [19/Jun/2021:21:05:08 +1000] "GET /search.php HTTP/1.1" 200 32
::1 - - [19/Jun/2021:21:05:08 +1000] "GET /search.php HTTP/1.1" 200 32
::1 - - [19/Jun/2021:21:05:08 +1000] "GET /search.php HTTP/1.1" 200 32
::1 - - [19/Jun/2021:21:05:09 +1000] "GET /search.php HTTP/1.1" 200 32
::1 - - [19/Jun/2021:21:05:09 +1000] "GET /search.php HTTP/1.1" 200 32
::1 - - [19/Jun/2021:21:05:09 +1000] "GET /search.php HTTP/1.1" 200 32
::1 - - [19/Jun/2021:21:05:09 +1000] "GET /search.php HTTP/1.1" 200 32
::1 - - [19/Jun/2021:21:05:09 +1000] "GET /search.php HTTP/1.1" 200 32
::1 - - [19/Jun/2021:21:05:10 +1000] "GET /search.php HTTP/1.1" 200 32
::1 - - [19/Jun/2021:21:05:10 +1000] "GET /search.php HTTP/1.1" 200 32
::1 - - [19/Jun/2021:21:05:10 +1000] "GET /search.php HTTP/1.1" 200 32
::1 - - [19/Jun/2021:21:05:10 +1000] "GET /search.php HTTP/1.1" 200 32
::1 - - [19/Jun/2021:21:05:10 +1000] "GET /search.php HTTP/1.1" 200 32
::1 - - [19/Jun/2021:21:05:10 +1000] "GET /search.php HTTP/1.1" 200 32
::1 - - [19/Jun/2021:21:05:11 +1000] "GET /search.php HTTP/1.1" 200 32
::1 - - [19/Jun/2021:21:05:11 +1000] "GET /search.php HTTP/1.1" 200 32
::1 - - [19/Jun/2021:21:05:11 +1000] "GET /search.php HTTP/1.1" 200 32
::1 - - [19/Jun/2021:21:05:11 +1000] "GET /search.php HTTP/1.1" 200 32
::1 - - [19/Jun/2021:21:05:11 +1000] "GET /search.php HTTP/1.1" 200 32
::1 - - [19/Jun/2021:21:05:12 +1000] "GET /search.php HTTP/1.1" 200 32
::1 - - [19/Jun/2021:21:05:16 +1000] "GET /search.php HTTP/1.1" 200 32
::1 - - [19/Jun/2021:21:05:16 +1000] "GET /search.php HTTP/1.1" 200 32
::1 - - [19/Jun/2021:21:05:17 +1000] "GET /search.php HTTP/1.1" 200 32
::1 - - [19/Jun/2021:21:05:17 +1000] "GET /search.php HTTP/1.1" 200 32
::1 - - [19/Jun/2021:21:05:17 +1000] "GET /search.php HTTP/1.1" 200 32
::1 - - [19/Jun/2021:21:05:17 +1000] "GET /search.php HTTP/1.1" 200 32
::1 - - [19/Jun/2021:21:05:18 +1000] "GET /search.php HTTP/1.1" 200 32
::1 - - [19/Jun/2021:21:05:18 +1000] "GET /search.php HTTP/1.1" 200 32
::1 - - [19/Jun/2021:21:05:18 +1000] "GET /search.php HTTP/1.1" 200 32
::1 - - [19/Jun/2021:21:05:25 +1000] "GET /search.php HTTP/1.1" 200 32
::1 - - [19/Jun/2021:21:05:26 +1000] "GET /search.php HTTP/1.1" 200 32
::1 - - [19/Jun/2021:21:05:26 +1000] "GET /search.php HTTP/1.1" 200 32
::1 - - [19/Jun/2021:21:05:27 +1000] "GET /search.php HTTP/1.1" 200 32
::1 - - [19/Jun/2021:21:05:56 +1000] "GET /search.php HTTP/1.1" 200 186
::1 - - [19/Jun/2021:21:05:57 +1000] "GET /search.php HTTP/1.1" 200 189
::1 - - [19/Jun/2021:21:05:58 +1000] "GET /search.php HTTP/1.1" 200 189
::1 - - [19/Jun/2021:21:05:58 +1000] "GET /search.php HTTP/1.1" 200 189
::1 - - [19/Jun/2021:21:05:59 +1000] "GET /search.php HTTP/1.1" 200 186
::1 - - [19/Jun/2021:21:06:38 +1000] "GET /search.php HTTP/1.1" 200 189
::1 - - [19/Jun/2021:21:06:39 +1000] "GET /search.php HTTP/1.1" 200 189
::1 - - [19/Jun/2021:21:06:39 +1000] "GET /search.php HTTP/1.1" 200 189
::1 - - [19/Jun/2021:21:06:41 +1000] "GET /search.php HTTP/1.1" 200 189
::1 - - [19/Jun/2021:21:06:42 +1000] "GET /search.php HTTP/1.1" 200 189
::1 - - [19/Jun/2021:21:06:42 +1000] "GET /search.php HTTP/1.1" 200 189
::1 - - [19/Jun/2021:21:06:43 +1000] "GET /search.php HTTP/1.1" 200 189
::1 - - [19/Jun/2021:21:06:43 +1000] "GET /search.php HTTP/1.1" 200 189
::1 - - [19/Jun/2021:21:06:43 +1000] "GET /search.php HTTP/1.1" 200 189
::1 - - [19/Jun/2021:21:06:44 +1000] "GET /search.php HTTP/1.1" 200 189
::1 - - [19/Jun/2021:21:06:44 +1000] "GET /search.php HTTP/1.1" 200 186
::1 - - [19/Jun/2021:21:06:44 +1000] "GET /search.php HTTP/1.1" 200 189
::1 - - [19/Jun/2021:21:06:44 +1000] "GET /search.php HTTP/1.1" 200 189
::1 - - [19/Jun/2021:21:06:45 +1000] "GET /search.php HTTP/1.1" 200 186
::1 - - [19/Jun/2021:21:06:45 +1000] "GET /search.php HTTP/1.1" 200 189
::1 - - [19/Jun/2021:21:06:45 +1000] "GET /search.php HTTP/1.1" 200 189
::1 - - [19/Jun/2021:21:06:45 +1000] "GET /search.php HTTP/1.1" 200 189
::1 - - [19/Jun/2021:21:06:46 +1000] "GET /search.php HTTP/1.1" 200 189
::1 - - [19/Jun/2021:21:06:46 +1000] "GET /search.php HTTP/1.1" 200 189
::1 - - [19/Jun/2021:21:06:46 +1000] "GET /search.php HTTP/1.1" 200 189
::1 - - [19/Jun/2021:21:06:46 +1000] "GET /search.php HTTP/1.1" 200 186
::1 - - [19/Jun/2021:21:06:46 +1000] "GET /search.php HTTP/1.1" 200 188
::1 - - [19/Jun/2021:21:06:46 +1000] "GET /search.php HTTP/1.1" 200 189
::1 - - [19/Jun/2021:21:06:47 +1000] "GET /search.php HTTP/1.1" 200 189
::1 - - [19/Jun/2021:21:06:47 +1000] "GET /search.php HTTP/1.1" 200 186
::1 - - [19/Jun/2021:21:06:47 +1000] "GET /search.php HTTP/1.1" 200 189
::1 - - [19/Jun/2021:21:06:47 +1000] "GET /search.php HTTP/1.1" 200 186
::1 - - [19/Jun/2021:21:06:47 +1000] "GET /search.php HTTP/1.1" 200 189
::1 - - [19/Jun/2021:21:07:00 +1000] "GET /search.php HTTP/1.1" 200 188
::1 - - [19/Jun/2021:21:07:01 +1000] "GET /search.php HTTP/1.1" 200 189
::1 - - [19/Jun/2021:21:07:01 +1000] "GET /search.php HTTP/1.1" 200 189
::1 - - [19/Jun/2021:21:07:01 +1000] "GET /search.php HTTP/1.1" 200 186
::1 - - [19/Jun/2021:21:07:02 +1000] "GET /search.php HTTP/1.1" 200 186
::1 - - [19/Jun/2021:21:07:02 +1000] "GET /search.php HTTP/1.1" 200 189
::1 - - [19/Jun/2021:21:07:02 +1000] "GET /search.php HTTP/1.1" 200 182
::1 - - [19/Jun/2021:21:07:02 +1000] "GET /search.php HTTP/1.1" 200 189
::1 - - [19/Jun/2021:21:07:03 +1000] "GET /search.php HTTP/1.1" 200 188
::1 - - [19/Jun/2021:21:07:03 +1000] "GET /search.php HTTP/1.1" 200 189
::1 - - [19/Jun/2021:21:07:03 +1000] "GET /search.php HTTP/1.1" 200 186
::1 - - [19/Jun/2021:21:07:03 +1000] "GET /search.php HTTP/1.1" 200 186
::1 - - [19/Jun/2021:21:07:04 +1000] "GET /search.php HTTP/1.1" 200 189
::1 - - [19/Jun/2021:21:07:04 +1000] "GET /search.php HTTP/1.1" 200 189
::1 - - [19/Jun/2021:21:07:04 +1000] "GET /search.php HTTP/1.1" 200 189
::1 - - [19/Jun/2021:21:07:05 +1000] "GET /search.php HTTP/1.1" 200 186
::1 - - [19/Jun/2021:21:07:05 +1000] "GET /search.php HTTP/1.1" 200 186
::1 - - [19/Jun/2021:21:07:05 +1000] "GET /search.php HTTP/1.1" 200 186
::1 - - [19/Jun/2021:21:07:05 +1000] "GET /search.php HTTP/1.1" 200 189
::1 - - [19/Jun/2021:21:07:06 +1000] "GET /search.php HTTP/1.1" 200 189
::1 - - [19/Jun/2021:21:07:06 +1000] "GET /search.php HTTP/1.1" 200 188
::1 - - [19/Jun/2021:21:07:06 +1000] "GET /search.php HTTP/1.1" 200 189
::1 - - [19/Jun/2021:21:07:07 +1000] "GET /search.php HTTP/1.1" 200 189
::1 - - [19/Jun/2021:21:07:07 +1000] "GET /search.php HTTP/1.1" 200 189
::1 - - [19/Jun/2021:21:07:07 +1000] "GET /search.php HTTP/1.1" 200 189
::1 - - [19/Jun/2021:21:07:08 +1000] "GET /search.php HTTP/1.1" 200 186
::1 - - [19/Jun/2021:21:07:32 +1000] "GET /search.php HTTP/1.1" 200 189
::1 - - [19/Jun/2021:21:07:33 +1000] "GET /search.php HTTP/1.1" 200 186
::1 - - [19/Jun/2021:21:07:34 +1000] "GET /search.php HTTP/1.1" 200 189
::1 - - [19/Jun/2021:21:07:34 +1000] "GET /search.php HTTP/1.1" 200 188
::1 - - [19/Jun/2021:21:07:35 +1000] "GET /search.php HTTP/1.1" 200 189
::1 - - [19/Jun/2021:21:07:48 +1000] "GET /search.php HTTP/1.1" 200 192
::1 - - [19/Jun/2021:21:07:50 +1000] "GET /search.php HTTP/1.1" 200 192
::1 - - [19/Jun/2021:21:07:51 +1000] "GET /search.php HTTP/1.1" 200 192
::1 - - [19/Jun/2021:21:07:51 +1000] "GET /search.php HTTP/1.1" 200 192
::1 - - [19/Jun/2021:21:07:51 +1000] "GET /search.php HTTP/1.1" 200 192
::1 - - [19/Jun/2021:21:07:52 +1000] "GET /search.php HTTP/1.1" 200 192
::1 - - [19/Jun/2021:21:07:52 +1000] "GET /search.php HTTP/1.1" 200 192
::1 - - [19/Jun/2021:21:07:52 +1000] "GET /search.php HTTP/1.1" 200 192
::1 - - [19/Jun/2021:21:07:53 +1000] "GET /search.php HTTP/1.1" 200 192
::1 - - [19/Jun/2021:21:07:53 +1000] "GET /search.php HTTP/1.1" 200 192
::1 - - [19/Jun/2021:21:07:53 +1000] "GET /search.php HTTP/1.1" 200 192
::1 - - [19/Jun/2021:21:07:53 +1000] "GET /search.php HTTP/1.1" 200 192
::1 - - [19/Jun/2021:21:07:53 +1000] "GET /search.php HTTP/1.1" 200 192
::1 - - [19/Jun/2021:21:07:53 +1000] "GET /search.php HTTP/1.1" 200 192
::1 - - [19/Jun/2021:21:07:54 +1000] "GET /search.php HTTP/1.1" 200 192
::1 - - [19/Jun/2021:21:07:54 +1000] "GET /search.php HTTP/1.1" 200 191
::1 - - [19/Jun/2021:21:07:54 +1000] "GET /search.php HTTP/1.1" 200 192
::1 - - [19/Jun/2021:21:07:54 +1000] "GET /search.php HTTP/1.1" 200 191
::1 - - [19/Jun/2021:21:07:54 +1000] "GET /search.php HTTP/1.1" 200 192
::1 - - [19/Jun/2021:21:07:55 +1000] "GET /search.php HTTP/1.1" 200 192
::1 - - [19/Jun/2021:21:07:55 +1000] "GET /search.php HTTP/1.1" 200 191
::1 - - [19/Jun/2021:21:07:55 +1000] "GET /search.php HTTP/1.1" 200 192
::1 - - [19/Jun/2021:21:07:55 +1000] "GET /search.php HTTP/1.1" 200 192
::1 - - [19/Jun/2021:21:07:55 +1000] "GET /search.php HTTP/1.1" 200 192
::1 - - [19/Jun/2021:21:07:55 +1000] "GET /search.php HTTP/1.1" 200 192
::1 - - [19/Jun/2021:21:07:56 +1000] "GET /search.php HTTP/1.1" 200 192
::1 - - [19/Jun/2021:21:07:56 +1000] "GET /search.php HTTP/1.1" 200 192
::1 - - [19/Jun/2021:21:07:56 +1000] "GET /search.php HTTP/1.1" 200 192
::1 - - [19/Jun/2021:21:07:56 +1000] "GET /search.php HTTP/1.1" 200 192
::1 - - [19/Jun/2021:21:07:56 +1000] "GET /search.php HTTP/1.1" 200 192
::1 - - [19/Jun/2021:21:07:57 +1000] "GET /search.php HTTP/1.1" 200 192
::1 - - [19/Jun/2021:21:07:57 +1000] "GET /search.php HTTP/1.1" 200 192
::1 - - [19/Jun/2021:21:07:57 +1000] "GET /search.php HTTP/1.1" 200 192
::1 - - [19/Jun/2021:21:07:57 +1000] "GET /search.php HTTP/1.1" 200 191
::1 - - [19/Jun/2021:21:07:57 +1000] "GET /search.php HTTP/1.1" 200 192
::1 - - [19/Jun/2021:21:07:58 +1000] "GET /search.php HTTP/1.1" 200 192
::1 - - [19/Jun/2021:21:07:58 +1000] "GET /search.php HTTP/1.1" 200 192
::1 - - [19/Jun/2021:21:07:58 +1000] "GET /search.php HTTP/1.1" 200 192
::1 - - [19/Jun/2021:21:07:58 +1000] "GET /search.php HTTP/1.1" 200 192
::1 - - [19/Jun/2021:21:07:59 +1000] "GET /search.php HTTP/1.1" 200 192
::1 - - [19/Jun/2021:21:07:59 +1000] "GET /search.php HTTP/1.1" 200 192
::1 - - [19/Jun/2021:21:07:59 +1000] "GET /search.php HTTP/1.1" 200 192
::1 - - [19/Jun/2021:21:07:59 +1000] "GET /search.php HTTP/1.1" 200 192
::1 - - [19/Jun/2021:21:08:00 +1000] "GET /search.php HTTP/1.1" 200 192
::1 - - [19/Jun/2021:21:08:03 +1000] "GET /search.php HTTP/1.1" 200 192
::1 - - [19/Jun/2021:21:08:03 +1000] "GET /search.php HTTP/1.1" 200 192
::1 - - [19/Jun/2021:21:09:04 +1000] "GET /search.php HTTP/1.1" 200 192
::1 - - [19/Jun/2021:21:09:04 +1000] "GET /search.php HTTP/1.1" 200 192
::1 - - [19/Jun/2021:21:09:04 +1000] "GET /search.php HTTP/1.1" 200 192
::1 - - [19/Jun/2021:21:09:05 +1000] "GET /search.php HTTP/1.1" 200 192
::1 - - [19/Jun/2021:21:09:21 +1000] "GET /search.php HTTP/1.1" 200 228
::1 - - [19/Jun/2021:21:09:25 +1000] "GET /search.php HTTP/1.1" 200 228
::1 - - [19/Jun/2021:21:09:27 +1000] "GET /search.php HTTP/1.1" 200 228
::1 - - [19/Jun/2021:21:10:02 +1000] "GET /search.php HTTP/1.1" 200 32
::1 - - [19/Jun/2021:21:10:03 +1000] "GET /search.php HTTP/1.1" 200 32
::1 - - [19/Jun/2021:21:10:04 +1000] "GET /search.php HTTP/1.1" 200 32
::1 - - [19/Jun/2021:21:10:05 +1000] "GET /search.php HTTP/1.1" 200 32
::1 - - [19/Jun/2021:21:10:05 +1000] "GET /search.php HTTP/1.1" 200 32
::1 - - [19/Jun/2021:21:10:05 +1000] "GET /search.php HTTP/1.1" 200 32
::1 - - [19/Jun/2021:21:10:06 +1000] "GET /search.php HTTP/1.1" 200 32
::1 - - [19/Jun/2021:21:10:06 +1000] "GET /search.php HTTP/1.1" 200 32
::1 - - [19/Jun/2021:21:10:07 +1000] "GET /search.php HTTP/1.1" 200 32
::1 - - [19/Jun/2021:21:10:07 +1000] "GET /search.php HTTP/1.1" 200 32
::1 - - [19/Jun/2021:21:10:08 +1000] "GET /search.php HTTP/1.1" 200 32
::1 - - [19/Jun/2021:21:10:08 +1000] "GET /search.php HTTP/1.1" 200 32
::1 - - [19/Jun/2021:21:10:09 +1000] "GET /search.php HTTP/1.1" 200 32
::1 - - [19/Jun/2021:21:10:09 +1000] "GET /search.php HTTP/1.1" 200 32
::1 - - [19/Jun/2021:21:10:10 +1000] "GET /search.php HTTP/1.1" 200 32
::1 - - [19/Jun/2021:21:10:10 +1000] "GET /search.php HTTP/1.1" 200 32
::1 - - [19/Jun/2021:21:10:11 +1000] "GET /search.php HTTP/1.1" 200 32
::1 - - [19/Jun/2021:21:10:11 +1000] "GET /search.php HTTP/1.1" 200 32
::1 - - [19/Jun/2021:21:10:12 +1000] "GET /search.php HTTP/1.1" 200 32
::1 - - [19/Jun/2021:21:10:12 +1000] "GET /search.php HTTP/1.1" 200 32
::1 - - [19/Jun/2021:21:10:13 +1000] "GET /search.php HTTP/1.1" 200 32
::1 - - [19/Jun/2021:21:10:20 +1000] "GET /search.php HTTP/1.1" 200 192
::1 - - [19/Jun/2021:21:10:22 +1000] "GET /search.php HTTP/1.1" 200 192
::1 - - [19/Jun/2021:21:10:23 +1000] "GET /search.php HTTP/1.1" 200 192
::1 - - [19/Jun/2021:21:10:23 +1000] "GET /search.php HTTP/1.1" 200 192
::1 - - [19/Jun/2021:21:10:24 +1000] "GET /search.php HTTP/1.1" 200 192
::1 - - [19/Jun/2021:21:10:24 +1000] "GET /search.php HTTP/1.1" 200 192
::1 - - [19/Jun/2021:21:10:24 +1000] "GET /search.php HTTP/1.1" 200 192
::1 - - [19/Jun/2021:21:10:24 +1000] "GET /search.php HTTP/1.1" 200 192
::1 - - [19/Jun/2021:21:10:24 +1000] "GET /search.php HTTP/1.1" 200 192
::1 - - [19/Jun/2021:21:10:25 +1000] "GET /search.php HTTP/1.1" 200 192
::1 - - [19/Jun/2021:21:10:25 +1000] "GET /search.php HTTP/1.1" 200 192
::1 - - [19/Jun/2021:21:10:25 +1000] "GET /search.php HTTP/1.1" 200 192
::1 - - [19/Jun/2021:21:10:26 +1000] "GET /search.php HTTP/1.1" 200 192
::1 - - [19/Jun/2021:21:10:26 +1000] "GET /search.php HTTP/1.1" 200 192
::1 - - [19/Jun/2021:21:10:26 +1000] "GET /search.php HTTP/1.1" 200 192
::1 - - [19/Jun/2021:21:10:39 +1000] "GET /search.php HTTP/1.1" 200 32
::1 - - [19/Jun/2021:21:10:40 +1000] "GET /search.php HTTP/1.1" 200 32
::1 - - [19/Jun/2021:21:10:40 +1000] "GET /search.php HTTP/1.1" 200 32
::1 - - [19/Jun/2021:21:10:40 +1000] "GET /search.php HTTP/1.1" 200 32
::1 - - [19/Jun/2021:21:10:41 +1000] "GET /search.php HTTP/1.1" 200 32
::1 - - [19/Jun/2021:21:10:41 +1000] "GET /search.php HTTP/1.1" 200 32
::1 - - [19/Jun/2021:21:10:41 +1000] "GET /search.php HTTP/1.1" 200 32
::1 - - [19/Jun/2021:21:10:41 +1000] "GET /search.php HTTP/1.1" 200 32
::1 - - [19/Jun/2021:21:10:42 +1000] "GET /search.php HTTP/1.1" 200 32
::1 - - [19/Jun/2021:21:10:42 +1000] "GET /search.php HTTP/1.1" 200 32
::1 - - [19/Jun/2021:21:10:42 +1000] "GET /search.php HTTP/1.1" 200 32
::1 - - [19/Jun/2021:21:10:42 +1000] "GET /search.php HTTP/1.1" 200 32
::1 - - [19/Jun/2021:21:10:42 +1000] "GET /search.php HTTP/1.1" 200 32
::1 - - [19/Jun/2021:21:10:42 +1000] "GET /search.php HTTP/1.1" 200 32
::1 - - [19/Jun/2021:21:10:43 +1000] "GET /search.php HTTP/1.1" 200 32
::1 - - [19/Jun/2021:21:10:43 +1000] "GET /search.php HTTP/1.1" 200 32
::1 - - [19/Jun/2021:21:10:43 +1000] "GET /search.php HTTP/1.1" 200 32
::1 - - [19/Jun/2021:21:10:43 +1000] "GET /search.php HTTP/1.1" 200 32
::1 - - [19/Jun/2021:21:10:43 +1000] "GET /search.php HTTP/1.1" 200 32
::1 - - [19/Jun/2021:21:10:44 +1000] "GET /search.php HTTP/1.1" 200 32
::1 - - [19/Jun/2021:21:10:44 +1000] "GET /search.php HTTP/1.1" 200 32
::1 - - [19/Jun/2021:21:10:44 +1000] "GET /search.php HTTP/1.1" 200 32
::1 - - [19/Jun/2021:21:10:45 +1000] "GET /search.php HTTP/1.1" 200 32
::1 - - [19/Jun/2021:21:10:45 +1000] "GET /search.php HTTP/1.1" 200 32
::1 - - [19/Jun/2021:21:10:45 +1000] "GET /search.php HTTP/1.1" 200 32
::1 - - [19/Jun/2021:21:10:45 +1000] "GET /search.php HTTP/1.1" 200 32
::1 - - [19/Jun/2021:21:10:47 +1000] "GET /search.php HTTP/1.1" 200 32
::1 - - [19/Jun/2021:21:10:47 +1000] "GET /search.php HTTP/1.1" 200 32
::1 - - [19/Jun/2021:21:10:48 +1000] "GET /search.php HTTP/1.1" 200 32
::1 - - [19/Jun/2021:21:10:48 +1000] "GET /search.php HTTP/1.1" 200 32
::1 - - [19/Jun/2021:21:10:49 +1000] "GET /search.php HTTP/1.1" 200 32
::1 - - [19/Jun/2021:21:10:49 +1000] "GET /search.php HTTP/1.1" 200 32
::1 - - [19/Jun/2021:21:10:50 +1000] "GET /search.php HTTP/1.1" 200 32
::1 - - [19/Jun/2021:21:10:50 +1000] "GET /search.php HTTP/1.1" 200 32
::1 - - [19/Jun/2021:21:10:51 +1000] "GET /search.php HTTP/1.1" 200 32
::1 - - [19/Jun/2021:21:11:01 +1000] "GET /search.php HTTP/1.1" 200 32
::1 - - [19/Jun/2021:21:11:01 +1000] "GET /search.php HTTP/1.1" 200 32
::1 - - [19/Jun/2021:21:11:02 +1000] "GET /search.php HTTP/1.1" 200 32
::1 - - [19/Jun/2021:21:11:02 +1000] "GET /search.php HTTP/1.1" 200 32
::1 - - [19/Jun/2021:21:11:03 +1000] "GET /search.php HTTP/1.1" 200 32
::1 - - [19/Jun/2021:21:11:03 +1000] "GET /search.php HTTP/1.1" 200 32
::1 - - [19/Jun/2021:21:11:04 +1000] "GET /search.php HTTP/1.1" 200 32
::1 - - [19/Jun/2021:21:11:04 +1000] "GET /search.php HTTP/1.1" 200 32
::1 - - [19/Jun/2021:21:11:04 +1000] "GET /search.php HTTP/1.1" 200 32
::1 - - [19/Jun/2021:21:11:05 +1000] "GET /search.php HTTP/1.1" 200 32
::1 - - [19/Jun/2021:21:11:05 +1000] "GET /search.php HTTP/1.1" 200 32
::1 - - [19/Jun/2021:21:11:05 +1000] "GET /search.php HTTP/1.1" 200 32
::1 - - [19/Jun/2021:21:11:05 +1000] "GET /search.php HTTP/1.1" 200 32
::1 - - [19/Jun/2021:21:11:06 +1000] "GET /search.php HTTP/1.1" 200 32
::1 - - [19/Jun/2021:21:11:14 +1000] "GET /search.php HTTP/1.1" 200 32
::1 - - [19/Jun/2021:21:11:15 +1000] "GET /search.php HTTP/1.1" 200 32
::1 - - [19/Jun/2021:21:11:15 +1000] "GET /search.php HTTP/1.1" 200 32
::1 - - [19/Jun/2021:21:11:30 +1000] "GET /search.php HTTP/1.1" 200 192
::1 - - [19/Jun/2021:21:11:31 +1000] "GET /search.php HTTP/1.1" 200 192
::1 - - [19/Jun/2021:21:11:31 +1000] "GET /search.php HTTP/1.1" 200 192
::1 - - [19/Jun/2021:21:11:31 +1000] "GET /search.php HTTP/1.1" 200 192
::1 - - [19/Jun/2021:21:11:32 +1000] "GET /search.php HTTP/1.1" 200 192
::1 - - [19/Jun/2021:21:11:33 +1000] "GET /search.php HTTP/1.1" 200 192
::1 - - [19/Jun/2021:21:11:40 +1000] "GET /search.php HTTP/1.1" 200 192
::1 - - [19/Jun/2021:21:11:40 +1000] "GET /search.php HTTP/1.1" 200 32
::1 - - [19/Jun/2021:21:11:40 +1000] "GET /search.php HTTP/1.1" 200 32
::1 - - [19/Jun/2021:21:11:41 +1000] "GET /search.php HTTP/1.1" 200 192
::1 - - [19/Jun/2021:21:12:56 +1000] "GET /search.php HTTP/1.1" 200 32
::1 - - [19/Jun/2021:21:12:56 +1000] "GET /search.php HTTP/1.1" 200 32
::1 - - [19/Jun/2021:21:12:57 +1000] "GET /search.php HTTP/1.1" 200 32
::1 - - [19/Jun/2021:21:12:57 +1000] "GET /search.php HTTP/1.1" 200 32
::1 - - [19/Jun/2021:21:12:57 +1000] "GET /search.php HTTP/1.1" 200 32
::1 - - [19/Jun/2021:21:12:57 +1000] "GET /search.php HTTP/1.1" 200 32
::1 - - [19/Jun/2021:21:12:58 +1000] "GET /search.php HTTP/1.1" 200 32
::1 - - [19/Jun/2021:21:13:17 +1000] "GET /search.php HTTP/1.1" 200 192
